<?xml version="1.0" encoding="UTF-8" ?>
<testsuite failures="3" time="0.115" errors="0" skipped="0" tests="25" name="core.AllTests">
  <properties>
[...]
</properties>
  <testcase time="0.008" classname="core.SeleniumTest" name="test_Title_Validation[Iteration # 0 : exp: Weight Watchers - Success Starts Here; act: Weight Watchers - Success Starts Here]"/>
  <testcase time="0" classname="core.SeleniumTest" name="test_Title_Validation[Iteration # 1 : exp: Virtual Patent | Weight Watchers; act: Virtual Patent | Weight Watchers]"/>
  <testcase time="0" classname="core.SeleniumTest" name="test_Title_Validation[Iteration # 2 : exp: | Weight Watchers; act: | Weight Watchers]"/>
  <testcase time="0" classname="core.SeleniumTest" name="test_Title_Validation[Iteration # 3 : exp: Marketplace; act: Marketplace]"/>
  <testcase time="0" classname="core.SeleniumTest" name="test_Title_Validation[Iteration # 4 : exp: Weight Watchers Community; act: Weight Watchers Community]"/>
  <testcase time="0" classname="core.SeleniumTest" name="test_Title_Validation[Iteration # 5 : exp: Magazine Landing Page; act: Magazine Landing Page]"/>
  <testcase time="0" classname="core.SeleniumTest" name="test_Title_Validation[Iteration # 6 : exp: Weight Watchers; act: Weight Watchers]"/>
  <testcase time="0" classname="core.SeleniumTest" name="test_Title_Validation[Iteration # 7 : exp: Press Release | Weight Watchers; act: Press Release | Weight Watchers]"/>
  <testcase time="0" classname="core.SeleniumTest" name="test_Title_Validation[Iteration # 8 : exp: Validation Page for Online Privacy Certification by TRUSTe; act: Validation Page for Online Privacy Certification by TRUSTe]"/>
  <testcase time="0.091" classname="core.SeleniumTest" name="test_Title_Validation[Iteration # 9 : exp: Weight Watchers; act: Weight Watchers | Facebook]">
    <failure message="FAILED expected:&lt;Weight Watchers[]&gt; but was:&lt;Weight Watchers[ | Facebook]&gt;" type="org.junit.ComparisonFailure">org.junit.ComparisonFailure: FAILED expected:&lt;Weight Watchers[]&gt; but was:&lt;Weight Watchers[ | Facebook]&gt;
	at org.junit.Assert.assertEquals(Assert.java:115)
	at core.SeleniumTest.test_Title_Validation(SeleniumTest.java:49)
	at sun.reflect.NativeMethodAccessorImpl.invoke0(Native Method)
	at sun.reflect.NativeMethodAccessorImpl.invoke(NativeMethodAccessorImpl.java:57)
	at sun.reflect.DelegatingMethodAccessorImpl.invoke(DelegatingMethodAccessorImpl.java:43)
	at java.lang.reflect.Method.invoke(Method.java:606)
	at org.junit.runners.model.FrameworkMethod$1.runReflectiveCall(FrameworkMethod.java:50)
	at org.junit.internal.runners.model.ReflectiveCallable.run(ReflectiveCallable.java:12)
	at org.junit.runners.model.FrameworkMethod.invokeExplosively(FrameworkMethod.java:47)
	at org.junit.internal.runners.statements.InvokeMethod.evaluate(InvokeMethod.java:17)
	at org.junit.runners.ParentRunner.runLeaf(ParentRunner.java:325)
	at org.junit.runners.BlockJUnit4ClassRunner.runChild(BlockJUnit4ClassRunner.java:78)
	at org.junit.runners.BlockJUnit4ClassRunner.runChild(BlockJUnit4ClassRunner.java:57)
	at org.junit.runners.ParentRunner$3.run(ParentRunner.java:290)
	at org.junit.runners.ParentRunner$1.schedule(ParentRunner.java:71)
	at org.junit.runners.ParentRunner.runChildren(ParentRunner.java:288)
	at org.junit.runners.ParentRunner.access$000(ParentRunner.java:58)
	at org.junit.runners.ParentRunner$2.evaluate(ParentRunner.java:268)
	at org.junit.runners.ParentRunner.run(ParentRunner.java:363)
	at org.junit.runners.Suite.runChild(Suite.java:128)
	at org.junit.runners.Suite.runChild(Suite.java:27)
	at org.junit.runners.ParentRunner$3.run(ParentRunner.java:290)
	at org.junit.runners.ParentRunner$1.schedule(ParentRunner.java:71)
	at org.junit.runners.ParentRunner.runChildren(ParentRunner.java:288)
	at org.junit.runners.ParentRunner.access$000(ParentRunner.java:58)
	at org.junit.runners.ParentRunner$2.evaluate(ParentRunner.java:268)
	at org.junit.internal.runners.statements.RunBefores.evaluate(RunBefores.java:26)
	at org.junit.runners.ParentRunner.run(ParentRunner.java:363)
	at org.junit.runners.Suite.runChild(Suite.java:128)
	at org.junit.runners.Suite.runChild(Suite.java:27)
	at org.junit.runners.ParentRunner$3.run(ParentRunner.java:290)
	at org.junit.runners.ParentRunner$1.schedule(ParentRunner.java:71)
	at org.junit.runners.ParentRunner.runChildren(ParentRunner.java:288)
	at org.junit.runners.ParentRunner.access$000(ParentRunner.java:58)
	at org.junit.runners.ParentRunner$2.evaluate(ParentRunner.java:268)
	at org.junit.runners.ParentRunner.run(ParentRunner.java:363)
	at org.apache.maven.surefire.junit4.JUnit4Provider.execute(JUnit4Provider.java:252)
	at org.apache.maven.surefire.junit4.JUnit4Provider.executeTestSet(JUnit4Provider.java:141)
	at org.apache.maven.surefire.junit4.JUnit4Provider.invoke(JUnit4Provider.java:112)
	at sun.reflect.NativeMethodAccessorImpl.invoke0(Native Method)
	at sun.reflect.NativeMethodAccessorImpl.invoke(NativeMethodAccessorImpl.java:57)
	at sun.reflect.DelegatingMethodAccessorImpl.invoke(DelegatingMethodAccessorImpl.java:43)
	at java.lang.reflect.Method.invoke(Method.java:606)
	at org.apache.maven.surefire.util.ReflectionUtils.invokeMethodWithArray(ReflectionUtils.java:189)
	at org.apache.maven.surefire.booter.ProviderFactory$ProviderProxy.invoke(ProviderFactory.java:165)
	at org.apache.maven.surefire.booter.ProviderFactory.invokeProvider(ProviderFactory.java:85)
	at org.apache.maven.surefire.booter.ForkedBooter.runSuitesInProcess(ForkedBooter.java:115)
	at org.apache.maven.surefire.booter.ForkedBooter.main(ForkedBooter.java:75)
</failure>
  </testcase>
  <testcase time="0" classname="core.SeleniumTest" name="test_Title_Validation[Iteration # 10 : exp: Weight Watchers (@WeightWatchers) | Twitter; act: Weight Watchers (@WeightWatchers) | Twitter]"/>
  <testcase time="0" classname="core.SeleniumTest" name="test_Title_Validation[Iteration # 11 : exp: Comparisons | Weight Watchers; act: Comparisons | Weight Watchers]"/>
  <testcase time="0" classname="core.SeleniumTest" name="test_Title_Validation[Iteration # 12 : exp: Weight Watchers - Success Starts Here; act: Weight Watchers - Success Starts Here]"/>
  <testcase time="0" classname="core.SeleniumTest" name="test_Title_Validation[Iteration # 13 : exp: What Can I Eat | Weight Watchers; act: What Can I Eat | Weight Watchers]"/>
  <testcase time="0" classname="core.SeleniumTest" name="test_Title_Validation[Iteration # 14 : exp: Comparisons | Weight Watchers; act: Comparisons | Weight Watchers]"/>
  <testcase time="0.001" classname="core.SeleniumTest" name="test_Title_Validation[Iteration # 15 : exp: Welcome to WeightWatchers.com; act: Welcome to WeightWatchers.com]"/>
  <testcase time="0" classname="core.SeleniumTest" name="test_Title_Validation[Iteration # 16 : exp: Weight Watchers - YouTube; act: Weight Watchers - YouTube]"/>
  <testcase time="0" classname="core.SeleniumTest" name="test_Title_Validation[Iteration # 17 : exp: Weight Watchers on Pinterest; act: Weight Watchers on Pinterest]"/>
  <testcase time="0.001" classname="core.SeleniumTest" name="test_Title_Validation[Iteration # 18 : exp: Privacy Policy | Weight Watchers; act: Weight Watchers on Pinterest]">
    <failure message="FAILED expected:&lt;[Privacy Policy | Weight Watchers]&gt; but was:&lt;[Weight Watchers on Pinterest]&gt;" type="org.junit.ComparisonFailure">org.junit.ComparisonFailure: FAILED expected:&lt;[Privacy Policy | Weight Watchers]&gt; but was:&lt;[Weight Watchers on Pinterest]&gt;
	at org.junit.Assert.assertEquals(Assert.java:115)
	at core.SeleniumTest.test_Title_Validation(SeleniumTest.java:49)
	at sun.reflect.GeneratedMethodAccessor1.invoke(Unknown Source)
	at sun.reflect.DelegatingMethodAccessorImpl.invoke(DelegatingMethodAccessorImpl.java:43)
	at java.lang.reflect.Method.invoke(Method.java:606)
	at org.junit.runners.model.FrameworkMethod$1.runReflectiveCall(FrameworkMethod.java:50)
	at org.junit.internal.runners.model.ReflectiveCallable.run(ReflectiveCallable.java:12)
	at org.junit.runners.model.FrameworkMethod.invokeExplosively(FrameworkMethod.java:47)
	at org.junit.internal.runners.statements.InvokeMethod.evaluate(InvokeMethod.java:17)
	at org.junit.runners.ParentRunner.runLeaf(ParentRunner.java:325)
	at org.junit.runners.BlockJUnit4ClassRunner.runChild(BlockJUnit4ClassRunner.java:78)
	at org.junit.runners.BlockJUnit4ClassRunner.runChild(BlockJUnit4ClassRunner.java:57)
	at org.junit.runners.ParentRunner$3.run(ParentRunner.java:290)
	at org.junit.runners.ParentRunner$1.schedule(ParentRunner.java:71)
	at org.junit.runners.ParentRunner.runChildren(ParentRunner.java:288)
	at org.junit.runners.ParentRunner.access$000(ParentRunner.java:58)
	at org.junit.runners.ParentRunner$2.evaluate(ParentRunner.java:268)
	at org.junit.runners.ParentRunner.run(ParentRunner.java:363)
	at org.junit.runners.Suite.runChild(Suite.java:128)
	at org.junit.runners.Suite.runChild(Suite.java:27)
	at org.junit.runners.ParentRunner$3.run(ParentRunner.java:290)
	at org.junit.runners.ParentRunner$1.schedule(ParentRunner.java:71)
	at org.junit.runners.ParentRunner.runChildren(ParentRunner.java:288)
	at org.junit.runners.ParentRunner.access$000(ParentRunner.java:58)
	at org.junit.runners.ParentRunner$2.evaluate(ParentRunner.java:268)
	at org.junit.internal.runners.statements.RunBefores.evaluate(RunBefores.java:26)
	at org.junit.runners.ParentRunner.run(ParentRunner.java:363)
	at org.junit.runners.Suite.runChild(Suite.java:128)
	at org.junit.runners.Suite.runChild(Suite.java:27)
	at org.junit.runners.ParentRunner$3.run(ParentRunner.java:290)
	at org.junit.runners.ParentRunner$1.schedule(ParentRunner.java:71)
	at org.junit.runners.ParentRunner.runChildren(ParentRunner.java:288)
	at org.junit.runners.ParentRunner.access$000(ParentRunner.java:58)
	at org.junit.runners.ParentRunner$2.evaluate(ParentRunner.java:268)
	at org.junit.runners.ParentRunner.run(ParentRunner.java:363)
	at org.apache.maven.surefire.junit4.JUnit4Provider.execute(JUnit4Provider.java:252)
	at org.apache.maven.surefire.junit4.JUnit4Provider.executeTestSet(JUnit4Provider.java:141)
	at org.apache.maven.surefire.junit4.JUnit4Provider.invoke(JUnit4Provider.java:112)
	at sun.reflect.NativeMethodAccessorImpl.invoke0(Native Method)
	at sun.reflect.NativeMethodAccessorImpl.invoke(NativeMethodAccessorImpl.java:57)
	at sun.reflect.DelegatingMethodAccessorImpl.invoke(DelegatingMethodAccessorImpl.java:43)
	at java.lang.reflect.Method.invoke(Method.java:606)
	at org.apache.maven.surefire.util.ReflectionUtils.invokeMethodWithArray(ReflectionUtils.java:189)
	at org.apache.maven.surefire.booter.ProviderFactory$ProviderProxy.invoke(ProviderFactory.java:165)
	at org.apache.maven.surefire.booter.ProviderFactory.invokeProvider(ProviderFactory.java:85)
	at org.apache.maven.surefire.booter.ForkedBooter.runSuitesInProcess(ForkedBooter.java:115)
	at org.apache.maven.surefire.booter.ForkedBooter.main(ForkedBooter.java:75)
</failure>
  </testcase>
  <testcase time="0.01" classname="core.SeleniumTest" name="test_Title_Validation[Iteration # 19 : exp: Weight Watchers (@weightwatchers) • Instagram photos and videos; act: Privacy Policy | Weight Watchers]">
    <failure message="FAILED expected:&lt;[Weight Watchers (@weightwatchers) • Instagram photos and video]s&gt; but was:&lt;[Privacy Policy | Weight Watcher]s&gt;" type="org.junit.ComparisonFailure">org.junit.ComparisonFailure: FAILED expected:&lt;[Weight Watchers (@weightwatchers) • Instagram photos and video]s&gt; but was:&lt;[Privacy Policy | Weight Watcher]s&gt;
	at org.junit.Assert.assertEquals(Assert.java:115)
	at core.SeleniumTest.test_Title_Validation(SeleniumTest.java:49)
	at sun.reflect.GeneratedMethodAccessor1.invoke(Unknown Source)
	at sun.reflect.DelegatingMethodAccessorImpl.invoke(DelegatingMethodAccessorImpl.java:43)
	at java.lang.reflect.Method.invoke(Method.java:606)
	at org.junit.runners.model.FrameworkMethod$1.runReflectiveCall(FrameworkMethod.java:50)
	at org.junit.internal.runners.model.ReflectiveCallable.run(ReflectiveCallable.java:12)
	at org.junit.runners.model.FrameworkMethod.invokeExplosively(FrameworkMethod.java:47)
	at org.junit.internal.runners.statements.InvokeMethod.evaluate(InvokeMethod.java:17)
	at org.junit.runners.ParentRunner.runLeaf(ParentRunner.java:325)
	at org.junit.runners.BlockJUnit4ClassRunner.runChild(BlockJUnit4ClassRunner.java:78)
	at org.junit.runners.BlockJUnit4ClassRunner.runChild(BlockJUnit4ClassRunner.java:57)
	at org.junit.runners.ParentRunner$3.run(ParentRunner.java:290)
	at org.junit.runners.ParentRunner$1.schedule(ParentRunner.java:71)
	at org.junit.runners.ParentRunner.runChildren(ParentRunner.java:288)
	at org.junit.runners.ParentRunner.access$000(ParentRunner.java:58)
	at org.junit.runners.ParentRunner$2.evaluate(ParentRunner.java:268)
	at org.junit.runners.ParentRunner.run(ParentRunner.java:363)
	at org.junit.runners.Suite.runChild(Suite.java:128)
	at org.junit.runners.Suite.runChild(Suite.java:27)
	at org.junit.runners.ParentRunner$3.run(ParentRunner.java:290)
	at org.junit.runners.ParentRunner$1.schedule(ParentRunner.java:71)
	at org.junit.runners.ParentRunner.runChildren(ParentRunner.java:288)
	at org.junit.runners.ParentRunner.access$000(ParentRunner.java:58)
	at org.junit.runners.ParentRunner$2.evaluate(ParentRunner.java:268)
	at org.junit.internal.runners.statements.RunBefores.evaluate(RunBefores.java:26)
	at org.junit.runners.ParentRunner.run(ParentRunner.java:363)
	at org.junit.runners.Suite.runChild(Suite.java:128)
	at org.junit.runners.Suite.runChild(Suite.java:27)
	at org.junit.runners.ParentRunner$3.run(ParentRunner.java:290)
	at org.junit.runners.ParentRunner$1.schedule(ParentRunner.java:71)
	at org.junit.runners.ParentRunner.runChildren(ParentRunner.java:288)
	at org.junit.runners.ParentRunner.access$000(ParentRunner.java:58)
	at org.junit.runners.ParentRunner$2.evaluate(ParentRunner.java:268)
	at org.junit.runners.ParentRunner.run(ParentRunner.java:363)
	at org.apache.maven.surefire.junit4.JUnit4Provider.execute(JUnit4Provider.java:252)
	at org.apache.maven.surefire.junit4.JUnit4Provider.executeTestSet(JUnit4Provider.java:141)
	at org.apache.maven.surefire.junit4.JUnit4Provider.invoke(JUnit4Provider.java:112)
	at sun.reflect.NativeMethodAccessorImpl.invoke0(Native Method)
	at sun.reflect.NativeMethodAccessorImpl.invoke(NativeMethodAccessorImpl.java:57)
	at sun.reflect.DelegatingMethodAccessorImpl.invoke(DelegatingMethodAccessorImpl.java:43)
	at java.lang.reflect.Method.invoke(Method.java:606)
	at org.apache.maven.surefire.util.ReflectionUtils.invokeMethodWithArray(ReflectionUtils.java:189)
	at org.apache.maven.surefire.booter.ProviderFactory$ProviderProxy.invoke(ProviderFactory.java:165)
	at org.apache.maven.surefire.booter.ProviderFactory.invokeProvider(ProviderFactory.java:85)
	at org.apache.maven.surefire.booter.ForkedBooter.runSuitesInProcess(ForkedBooter.java:115)
	at org.apache.maven.surefire.booter.ForkedBooter.main(ForkedBooter.java:75)
</failure>
  </testcase>
  <testcase time="0" classname="core.SeleniumTest" name="test_Title_Validation[Iteration # 20 : exp: Weight Watchers | LinkedIn; act: Weight Watchers | LinkedIn]"/>
  <testcase time="0" classname="core.SeleniumTest" name="test_Title_Validation[Iteration # 21 : exp: Top 25 Weight Watchers profiles | LinkedIn; act: Top 25 Weight Watchers profiles | LinkedIn]"/>
  <testcase time="0.004" classname="core.SeleniumTest" name="test_Title_Validation[Iteration # 22 : exp: Who We Are | Weight Watchers; act: Who We Are | Weight Watchers]"/>
  <testcase time="0" classname="core.SeleniumTest" name="test_Title_Validation[Iteration # 23 : exp: Weight Watchers In the Workplace; act: Weight Watchers In the Workplace]"/>
  <testcase time="0" classname="core.SeleniumTest" name="test_Title_Validation[Iteration # 24 : exp: Contact Us | Weight Watchers; act: Contact Us | Weight Watchers]"/>
</testsuite>